CRITICAL - 2025-01-13 05:18:24 --> CodeIgniter\View\Exceptions\ViewException: Invalid file: "cek.php"
[Method: GET, Route: /]
in SYSTEMPATH\Exceptions\FrameworkException.php on line 41.
 1 SYSTEMPATH\View\View.php(222): CodeIgniter\Exceptions\FrameworkException::forInvalidFile('cek.php')
 2 SYSTEMPATH\Common.php(1171): CodeIgniter\View\View->render('cek', [], true)
 3 APPPATH\Controllers\Admin.php(9): view('cek')
 4 SYSTEMPATH\CodeIgniter.php(933): App\Controllers\Admin->index()
 5 SYSTEMPATH\CodeIgniter.php(509): CodeIgniter\CodeIgniter->runController(Object(App\Controllers\Admin))
 6 SYSTEMPATH\CodeIgniter.php(355): CodeIgniter\CodeIgniter->handleRequest(null, Object(Config\Cache), false)
 7 SYSTEMPATH\Boot.php(325): CodeIgniter\CodeIgniter->run()
 8 SYSTEMPATH\Boot.php(67): CodeIgniter\Boot::runCodeIgniter(Object(CodeIgniter\CodeIgniter))
 9 FCPATH\index.php(56): CodeIgniter\Boot::bootWeb(Object(Config\Paths))
10 SYSTEMPATH\rewrite.php(44): require_once('C:\\Users\\WINDOWS 11\\Documents\\1-Proyek\\innovillage\\public\\index.php')
CRITICAL - 2025-01-13 14:03:53 --> CodeIgniter\View\Exceptions\ViewException: Invalid file: "admin/peserta.php"
[Method: GET, Route: peserta]
in SYSTEMPATH\Exceptions\FrameworkException.php on line 41.
 1 SYSTEMPATH\View\View.php(222): CodeIgniter\Exceptions\FrameworkException::forInvalidFile('admin/peserta.php')
 2 SYSTEMPATH\Common.php(1171): CodeIgniter\View\View->render('admin/peserta', [], true)
 3 APPPATH\Controllers\Admin.php(52): view('admin/peserta')
 4 SYSTEMPATH\CodeIgniter.php(933): App\Controllers\Admin->peserta()
 5 SYSTEMPATH\CodeIgniter.php(509): CodeIgniter\CodeIgniter->runController(Object(App\Controllers\Admin))
 6 SYSTEMPATH\CodeIgniter.php(355): CodeIgniter\CodeIgniter->handleRequest(null, Object(Config\Cache), false)
 7 SYSTEMPATH\Boot.php(325): CodeIgniter\CodeIgniter->run()
 8 SYSTEMPATH\Boot.php(67): CodeIgniter\Boot::runCodeIgniter(Object(CodeIgniter\CodeIgniter))
 9 FCPATH\index.php(56): CodeIgniter\Boot::bootWeb(Object(Config\Paths))
10 SYSTEMPATH\rewrite.php(44): require_once('C:\\Users\\WINDOWS 11\\Documents\\1-Proyek\\innovillage\\public\\index.php')
INFO - 2025-01-13 17:43:26 --> Session: Class initialized using 'CodeIgniter\Session\Handlers\FileHandler' driver.
CRITICAL - 2025-01-13 17:43:30 --> CodeIgniter\View\Exceptions\ViewException: Invalid file: "tambah_peserta_form.php"
[Method: POST, Route: peserta-a]
in SYSTEMPATH\Exceptions\FrameworkException.php on line 41.
 1 SYSTEMPATH\View\View.php(222): CodeIgniter\Exceptions\FrameworkException::forInvalidFile('tambah_peserta_form.php')
 2 SYSTEMPATH\Common.php(1171): CodeIgniter\View\View->render('tambah_peserta_form', [], true)
 3 APPPATH\Controllers\Admin.php(100): view('tambah_peserta_form')
 4 SYSTEMPATH\CodeIgniter.php(933): App\Controllers\Admin->peserta_a()
 5 SYSTEMPATH\CodeIgniter.php(509): CodeIgniter\CodeIgniter->runController(Object(App\Controllers\Admin))
 6 SYSTEMPATH\CodeIgniter.php(355): CodeIgniter\CodeIgniter->handleRequest(null, Object(Config\Cache), false)
 7 SYSTEMPATH\Boot.php(325): CodeIgniter\CodeIgniter->run()
 8 SYSTEMPATH\Boot.php(67): CodeIgniter\Boot::runCodeIgniter(Object(CodeIgniter\CodeIgniter))
 9 FCPATH\index.php(56): CodeIgniter\Boot::bootWeb(Object(Config\Paths))
10 SYSTEMPATH\rewrite.php(44): require_once('C:\\Users\\WINDOWS 11\\Documents\\1-Proyek\\innovillage\\public\\index.php')
INFO - 2025-01-13 17:47:31 --> Session: Class initialized using 'CodeIgniter\Session\Handlers\FileHandler' driver.
INFO - 2025-01-13 17:50:19 --> Session: Class initialized using 'CodeIgniter\Session\Handlers\FileHandler' driver.
INFO - 2025-01-13 17:50:19 --> Session: Class initialized using 'CodeIgniter\Session\Handlers\FileHandler' driver.
INFO - 2025-01-13 17:50:22 --> Session: Class initialized using 'CodeIgniter\Session\Handlers\FileHandler' driver.
INFO - 2025-01-13 17:50:22 --> Session: Class initialized using 'CodeIgniter\Session\Handlers\FileHandler' driver.
INFO - 2025-01-13 17:50:23 --> Session: Class initialized using 'CodeIgniter\Session\Handlers\FileHandler' driver.
INFO - 2025-01-13 17:50:23 --> Session: Class initialized using 'CodeIgniter\Session\Handlers\FileHandler' driver.
INFO - 2025-01-13 17:50:24 --> Session: Class initialized using 'CodeIgniter\Session\Handlers\FileHandler' driver.
INFO - 2025-01-13 17:50:24 --> Session: Class initialized using 'CodeIgniter\Session\Handlers\FileHandler' driver.
INFO - 2025-01-13 17:50:24 --> Session: Class initialized using 'CodeIgniter\Session\Handlers\FileHandler' driver.
INFO - 2025-01-13 17:50:24 --> Session: Class initialized using 'CodeIgniter\Session\Handlers\FileHandler' driver.
INFO - 2025-01-13 17:50:29 --> Session: Class initialized using 'CodeIgniter\Session\Handlers\FileHandler' driver.
INFO - 2025-01-13 17:50:29 --> Session: Class initialized using 'CodeIgniter\Session\Handlers\FileHandler' driver.
INFO - 2025-01-13 17:50:46 --> Session: Class initialized using 'CodeIgniter\Session\Handlers\FileHandler' driver.
INFO - 2025-01-13 17:50:48 --> Session: Class initialized using 'CodeIgniter\Session\Handlers\FileHandler' driver.
INFO - 2025-01-13 17:50:48 --> Session: Class initialized using 'CodeIgniter\Session\Handlers\FileHandler' driver.
INFO - 2025-01-13 17:50:51 --> Session: Class initialized using 'CodeIgniter\Session\Handlers\FileHandler' driver.
INFO - 2025-01-13 17:50:53 --> Session: Class initialized using 'CodeIgniter\Session\Handlers\FileHandler' driver.
INFO - 2025-01-13 17:50:53 --> Session: Class initialized using 'CodeIgniter\Session\Handlers\FileHandler' driver.
INFO - 2025-01-13 17:55:11 --> Session: Class initialized using 'CodeIgniter\Session\Handlers\FileHandler' driver.
INFO - 2025-01-13 17:55:11 --> Session: Class initialized using 'CodeIgniter\Session\Handlers\FileHandler' driver.
INFO - 2025-01-13 17:55:11 --> Session: Class initialized using 'CodeIgniter\Session\Handlers\FileHandler' driver.
INFO - 2025-01-13 17:55:11 --> Session: Class initialized using 'CodeIgniter\Session\Handlers\FileHandler' driver.
INFO - 2025-01-13 17:55:11 --> Session: Class initialized using 'CodeIgniter\Session\Handlers\FileHandler' driver.
INFO - 2025-01-13 17:55:12 --> Session: Class initialized using 'CodeIgniter\Session\Handlers\FileHandler' driver.
INFO - 2025-01-13 17:55:12 --> Session: Class initialized using 'CodeIgniter\Session\Handlers\FileHandler' driver.
INFO - 2025-01-13 17:55:12 --> Session: Class initialized using 'CodeIgniter\Session\Handlers\FileHandler' driver.
INFO - 2025-01-13 17:55:13 --> Session: Class initialized using 'CodeIgniter\Session\Handlers\FileHandler' driver.
INFO - 2025-01-13 17:55:13 --> Session: Class initialized using 'CodeIgniter\Session\Handlers\FileHandler' driver.
INFO - 2025-01-13 18:03:04 --> Session: Class initialized using 'CodeIgniter\Session\Handlers\FileHandler' driver.
INFO - 2025-01-13 18:03:38 --> Session: Class initialized using 'CodeIgniter\Session\Handlers\FileHandler' driver.
INFO - 2025-01-13 18:06:23 --> Session: Class initialized using 'CodeIgniter\Session\Handlers\FileHandler' driver.
CRITICAL - 2025-01-13 18:06:55 --> TypeError: App\Controllers\Admin::peserta_a(): Return value must be of type string, none returned
[Method: POST, Route: peserta-a]
in APPPATH\Controllers\Admin.php on line 135.
 1 SYSTEMPATH\CodeIgniter.php(933): App\Controllers\Admin->peserta_a()
 2 SYSTEMPATH\CodeIgniter.php(509): CodeIgniter\CodeIgniter->runController(Object(App\Controllers\Admin))
 3 SYSTEMPATH\CodeIgniter.php(355): CodeIgniter\CodeIgniter->handleRequest(null, Object(Config\Cache), false)
 4 SYSTEMPATH\Boot.php(325): CodeIgniter\CodeIgniter->run()
 5 SYSTEMPATH\Boot.php(67): CodeIgniter\Boot::runCodeIgniter(Object(CodeIgniter\CodeIgniter))
 6 FCPATH\index.php(56): CodeIgniter\Boot::bootWeb(Object(Config\Paths))
 7 SYSTEMPATH\rewrite.php(44): require_once('C:\\Users\\WINDOWS 11\\Documents\\1-Proyek\\innovillage\\public\\index.php')
CRITICAL - 2025-01-13 18:07:01 --> TypeError: App\Controllers\Admin::peserta_a(): Return value must be of type string, none returned
[Method: POST, Route: peserta-a]
in APPPATH\Controllers\Admin.php on line 135.
 1 SYSTEMPATH\CodeIgniter.php(933): App\Controllers\Admin->peserta_a()
 2 SYSTEMPATH\CodeIgniter.php(509): CodeIgniter\CodeIgniter->runController(Object(App\Controllers\Admin))
 3 SYSTEMPATH\CodeIgniter.php(355): CodeIgniter\CodeIgniter->handleRequest(null, Object(Config\Cache), false)
 4 SYSTEMPATH\Boot.php(325): CodeIgniter\CodeIgniter->run()
 5 SYSTEMPATH\Boot.php(67): CodeIgniter\Boot::runCodeIgniter(Object(CodeIgniter\CodeIgniter))
 6 FCPATH\index.php(56): CodeIgniter\Boot::bootWeb(Object(Config\Paths))
 7 SYSTEMPATH\rewrite.php(44): require_once('C:\\Users\\WINDOWS 11\\Documents\\1-Proyek\\innovillage\\public\\index.php')
INFO - 2025-01-13 18:09:45 --> Session: Class initialized using 'CodeIgniter\Session\Handlers\FileHandler' driver.
INFO - 2025-01-13 18:09:46 --> Session: Class initialized using 'CodeIgniter\Session\Handlers\FileHandler' driver.
CRITICAL - 2025-01-13 18:09:47 --> CodeIgniter\View\Exceptions\ViewException: Invalid file: "form_peserta.php"
[Method: GET, Route: peserta-a]
in SYSTEMPATH\Exceptions\FrameworkException.php on line 41.
 1 SYSTEMPATH\View\View.php(222): CodeIgniter\Exceptions\FrameworkException::forInvalidFile('form_peserta.php')
 2 SYSTEMPATH\Common.php(1171): CodeIgniter\View\View->render('form_peserta', [], true)
 3 APPPATH\Controllers\Admin.php(109): view('form_peserta', [...])
 4 SYSTEMPATH\CodeIgniter.php(933): App\Controllers\Admin->peserta_a()
 5 SYSTEMPATH\CodeIgniter.php(509): CodeIgniter\CodeIgniter->runController(Object(App\Controllers\Admin))
 6 SYSTEMPATH\CodeIgniter.php(355): CodeIgniter\CodeIgniter->handleRequest(null, Object(Config\Cache), false)
 7 SYSTEMPATH\Boot.php(325): CodeIgniter\CodeIgniter->run()
 8 SYSTEMPATH\Boot.php(67): CodeIgniter\Boot::runCodeIgniter(Object(CodeIgniter\CodeIgniter))
 9 FCPATH\index.php(56): CodeIgniter\Boot::bootWeb(Object(Config\Paths))
10 SYSTEMPATH\rewrite.php(44): require_once('C:\\Users\\WINDOWS 11\\Documents\\1-Proyek\\innovillage\\public\\index.php')
INFO - 2025-01-13 18:11:50 --> Session: Class initialized using 'CodeIgniter\Session\Handlers\FileHandler' driver.
INFO - 2025-01-13 18:11:53 --> Session: Class initialized using 'CodeIgniter\Session\Handlers\FileHandler' driver.
CRITICAL - 2025-01-13 18:11:53 --> CodeIgniter\View\Exceptions\ViewException: Invalid file: "peserta-tambah.php"
[Method: GET, Route: peserta-a]
in SYSTEMPATH\Exceptions\FrameworkException.php on line 41.
 1 SYSTEMPATH\View\View.php(222): CodeIgniter\Exceptions\FrameworkException::forInvalidFile('peserta-tambah.php')
 2 SYSTEMPATH\Common.php(1171): CodeIgniter\View\View->render('peserta-tambah', [], true)
 3 APPPATH\Controllers\Admin.php(109): view('peserta-tambah', [...])
 4 SYSTEMPATH\CodeIgniter.php(933): App\Controllers\Admin->peserta_a()
 5 SYSTEMPATH\CodeIgniter.php(509): CodeIgniter\CodeIgniter->runController(Object(App\Controllers\Admin))
 6 SYSTEMPATH\CodeIgniter.php(355): CodeIgniter\CodeIgniter->handleRequest(null, Object(Config\Cache), false)
 7 SYSTEMPATH\Boot.php(325): CodeIgniter\CodeIgniter->run()
 8 SYSTEMPATH\Boot.php(67): CodeIgniter\Boot::runCodeIgniter(Object(CodeIgniter\CodeIgniter))
 9 FCPATH\index.php(56): CodeIgniter\Boot::bootWeb(Object(Config\Paths))
10 SYSTEMPATH\rewrite.php(44): require_once('C:\\Users\\WINDOWS 11\\Documents\\1-Proyek\\innovillage\\public\\index.php')
INFO - 2025-01-13 18:12:31 --> Session: Class initialized using 'CodeIgniter\Session\Handlers\FileHandler' driver.
INFO - 2025-01-13 18:12:32 --> Session: Class initialized using 'CodeIgniter\Session\Handlers\FileHandler' driver.
INFO - 2025-01-13 18:12:46 --> Session: Class initialized using 'CodeIgniter\Session\Handlers\FileHandler' driver.
INFO - 2025-01-13 18:13:49 --> Session: Class initialized using 'CodeIgniter\Session\Handlers\FileHandler' driver.
INFO - 2025-01-13 18:13:49 --> Session: Class initialized using 'CodeIgniter\Session\Handlers\FileHandler' driver.
INFO - 2025-01-13 18:16:22 --> Session: Class initialized using 'CodeIgniter\Session\Handlers\FileHandler' driver.
INFO - 2025-01-13 18:16:23 --> Session: Class initialized using 'CodeIgniter\Session\Handlers\FileHandler' driver.
INFO - 2025-01-13 18:21:13 --> Session: Class initialized using 'CodeIgniter\Session\Handlers\FileHandler' driver.
INFO - 2025-01-13 18:22:39 --> Session: Class initialized using 'CodeIgniter\Session\Handlers\FileHandler' driver.
INFO - 2025-01-13 18:22:40 --> Session: Class initialized using 'CodeIgniter\Session\Handlers\FileHandler' driver.
INFO - 2025-01-13 18:22:42 --> Session: Class initialized using 'CodeIgniter\Session\Handlers\FileHandler' driver.
INFO - 2025-01-13 18:24:34 --> Session: Class initialized using 'CodeIgniter\Session\Handlers\FileHandler' driver.
INFO - 2025-01-13 18:24:50 --> Session: Class initialized using 'CodeIgniter\Session\Handlers\FileHandler' driver.
INFO - 2025-01-13 18:24:51 --> Session: Class initialized using 'CodeIgniter\Session\Handlers\FileHandler' driver.
INFO - 2025-01-13 18:25:03 --> Session: Class initialized using 'CodeIgniter\Session\Handlers\FileHandler' driver.
INFO - 2025-01-13 18:25:03 --> Session: Class initialized using 'CodeIgniter\Session\Handlers\FileHandler' driver.
INFO - 2025-01-13 18:25:04 --> Session: Class initialized using 'CodeIgniter\Session\Handlers\FileHandler' driver.
INFO - 2025-01-13 18:25:04 --> Session: Class initialized using 'CodeIgniter\Session\Handlers\FileHandler' driver.
INFO - 2025-01-13 18:25:04 --> Session: Class initialized using 'CodeIgniter\Session\Handlers\FileHandler' driver.
INFO - 2025-01-13 18:25:05 --> Session: Class initialized using 'CodeIgniter\Session\Handlers\FileHandler' driver.
INFO - 2025-01-13 18:27:03 --> Session: Class initialized using 'CodeIgniter\Session\Handlers\FileHandler' driver.
INFO - 2025-01-13 18:27:03 --> Session: Class initialized using 'CodeIgniter\Session\Handlers\FileHandler' driver.
INFO - 2025-01-13 18:27:12 --> Session: Class initialized using 'CodeIgniter\Session\Handlers\FileHandler' driver.
INFO - 2025-01-13 18:27:12 --> Session: Class initialized using 'CodeIgniter\Session\Handlers\FileHandler' driver.
INFO - 2025-01-13 18:27:20 --> Session: Class initialized using 'CodeIgniter\Session\Handlers\FileHandler' driver.
INFO - 2025-01-13 18:27:20 --> Session: Class initialized using 'CodeIgniter\Session\Handlers\FileHandler' driver.
INFO - 2025-01-13 18:29:00 --> Session: Class initialized using 'CodeIgniter\Session\Handlers\FileHandler' driver.
INFO - 2025-01-13 18:29:00 --> Session: Class initialized using 'CodeIgniter\Session\Handlers\FileHandler' driver.
INFO - 2025-01-13 18:29:10 --> Session: Class initialized using 'CodeIgniter\Session\Handlers\FileHandler' driver.
INFO - 2025-01-13 18:29:10 --> Session: Class initialized using 'CodeIgniter\Session\Handlers\FileHandler' driver.
INFO - 2025-01-13 18:29:24 --> Session: Class initialized using 'CodeIgniter\Session\Handlers\FileHandler' driver.
CRITICAL - 2025-01-13 18:29:24 --> ErrorException: Trying to access array offset on value of type null
[Method: GET, Route: tambah-peserta]
in APPPATH\Views\admin\peserta-tambah.php on line 7.
 1 APPPATH\Views\admin\peserta-tambah.php(7): CodeIgniter\Debug\Exceptions->errorHandler(2, 'Trying to access array offset on value of type null', 'C:\\Users\\WINDOWS 11\\Documents\\1-Proyek\\innovillage\\app\\Views\\admin\\peserta-tambah.php', 7)
 2 SYSTEMPATH\View\View.php(234): include('C:\\Users\\WINDOWS 11\\Documents\\1-Proyek\\innovillage\\app\\Views\\admin\\peserta-tambah.php')
 3 SYSTEMPATH\View\View.php(237): CodeIgniter\View\View->CodeIgniter\View\{closure}()
 4 SYSTEMPATH\Common.php(1171): CodeIgniter\View\View->render('admin/peserta-tambah', [], true)
 5 APPPATH\Controllers\Admin.php(71): view('admin/peserta-tambah')
 6 SYSTEMPATH\CodeIgniter.php(933): App\Controllers\Admin->tambah_peserta()
 7 SYSTEMPATH\CodeIgniter.php(509): CodeIgniter\CodeIgniter->runController(Object(App\Controllers\Admin))
 8 SYSTEMPATH\CodeIgniter.php(355): CodeIgniter\CodeIgniter->handleRequest(null, Object(Config\Cache), false)
 9 SYSTEMPATH\Boot.php(325): CodeIgniter\CodeIgniter->run()
10 SYSTEMPATH\Boot.php(67): CodeIgniter\Boot::runCodeIgniter(Object(CodeIgniter\CodeIgniter))
11 FCPATH\index.php(56): CodeIgniter\Boot::bootWeb(Object(Config\Paths))
12 SYSTEMPATH\rewrite.php(44): require_once('C:\\Users\\WINDOWS 11\\Documents\\1-Proyek\\innovillage\\public\\index.php')
INFO - 2025-01-13 18:29:38 --> Session: Class initialized using 'CodeIgniter\Session\Handlers\FileHandler' driver.
CRITICAL - 2025-01-13 18:29:38 --> ErrorException: Trying to access array offset on value of type null
[Method: GET, Route: tambah-peserta]
in APPPATH\Views\admin\peserta-tambah.php on line 7.
 1 APPPATH\Views\admin\peserta-tambah.php(7): CodeIgniter\Debug\Exceptions->errorHandler(2, 'Trying to access array offset on value of type null', 'C:\\Users\\WINDOWS 11\\Documents\\1-Proyek\\innovillage\\app\\Views\\admin\\peserta-tambah.php', 7)
 2 SYSTEMPATH\View\View.php(234): include('C:\\Users\\WINDOWS 11\\Documents\\1-Proyek\\innovillage\\app\\Views\\admin\\peserta-tambah.php')
 3 SYSTEMPATH\View\View.php(237): CodeIgniter\View\View->CodeIgniter\View\{closure}()
 4 SYSTEMPATH\Common.php(1171): CodeIgniter\View\View->render('admin/peserta-tambah', [], true)
 5 APPPATH\Controllers\Admin.php(71): view('admin/peserta-tambah')
 6 SYSTEMPATH\CodeIgniter.php(933): App\Controllers\Admin->tambah_peserta()
 7 SYSTEMPATH\CodeIgniter.php(509): CodeIgniter\CodeIgniter->runController(Object(App\Controllers\Admin))
 8 SYSTEMPATH\CodeIgniter.php(355): CodeIgniter\CodeIgniter->handleRequest(null, Object(Config\Cache), false)
 9 SYSTEMPATH\Boot.php(325): CodeIgniter\CodeIgniter->run()
10 SYSTEMPATH\Boot.php(67): CodeIgniter\Boot::runCodeIgniter(Object(CodeIgniter\CodeIgniter))
11 FCPATH\index.php(56): CodeIgniter\Boot::bootWeb(Object(Config\Paths))
12 SYSTEMPATH\rewrite.php(44): require_once('C:\\Users\\WINDOWS 11\\Documents\\1-Proyek\\innovillage\\public\\index.php')
INFO - 2025-01-13 18:29:40 --> Session: Class initialized using 'CodeIgniter\Session\Handlers\FileHandler' driver.
CRITICAL - 2025-01-13 18:29:40 --> ErrorException: Trying to access array offset on value of type null
[Method: GET, Route: tambah-peserta]
in APPPATH\Views\admin\peserta-tambah.php on line 7.
 1 APPPATH\Views\admin\peserta-tambah.php(7): CodeIgniter\Debug\Exceptions->errorHandler(2, 'Trying to access array offset on value of type null', 'C:\\Users\\WINDOWS 11\\Documents\\1-Proyek\\innovillage\\app\\Views\\admin\\peserta-tambah.php', 7)
 2 SYSTEMPATH\View\View.php(234): include('C:\\Users\\WINDOWS 11\\Documents\\1-Proyek\\innovillage\\app\\Views\\admin\\peserta-tambah.php')
 3 SYSTEMPATH\View\View.php(237): CodeIgniter\View\View->CodeIgniter\View\{closure}()
 4 SYSTEMPATH\Common.php(1171): CodeIgniter\View\View->render('admin/peserta-tambah', [], true)
 5 APPPATH\Controllers\Admin.php(71): view('admin/peserta-tambah')
 6 SYSTEMPATH\CodeIgniter.php(933): App\Controllers\Admin->tambah_peserta()
 7 SYSTEMPATH\CodeIgniter.php(509): CodeIgniter\CodeIgniter->runController(Object(App\Controllers\Admin))
 8 SYSTEMPATH\CodeIgniter.php(355): CodeIgniter\CodeIgniter->handleRequest(null, Object(Config\Cache), false)
 9 SYSTEMPATH\Boot.php(325): CodeIgniter\CodeIgniter->run()
10 SYSTEMPATH\Boot.php(67): CodeIgniter\Boot::runCodeIgniter(Object(CodeIgniter\CodeIgniter))
11 FCPATH\index.php(56): CodeIgniter\Boot::bootWeb(Object(Config\Paths))
12 SYSTEMPATH\rewrite.php(44): require_once('C:\\Users\\WINDOWS 11\\Documents\\1-Proyek\\innovillage\\public\\index.php')
INFO - 2025-01-13 18:29:45 --> Session: Class initialized using 'CodeIgniter\Session\Handlers\FileHandler' driver.
CRITICAL - 2025-01-13 18:29:45 --> ErrorException: Trying to access array offset on value of type null
[Method: GET, Route: tambah-peserta]
in APPPATH\Views\admin\peserta-tambah.php on line 7.
 1 APPPATH\Views\admin\peserta-tambah.php(7): CodeIgniter\Debug\Exceptions->errorHandler(2, 'Trying to access array offset on value of type null', 'C:\\Users\\WINDOWS 11\\Documents\\1-Proyek\\innovillage\\app\\Views\\admin\\peserta-tambah.php', 7)
 2 SYSTEMPATH\View\View.php(234): include('C:\\Users\\WINDOWS 11\\Documents\\1-Proyek\\innovillage\\app\\Views\\admin\\peserta-tambah.php')
 3 SYSTEMPATH\View\View.php(237): CodeIgniter\View\View->CodeIgniter\View\{closure}()
 4 SYSTEMPATH\Common.php(1171): CodeIgniter\View\View->render('admin/peserta-tambah', [], true)
 5 APPPATH\Controllers\Admin.php(71): view('admin/peserta-tambah')
 6 SYSTEMPATH\CodeIgniter.php(933): App\Controllers\Admin->tambah_peserta()
 7 SYSTEMPATH\CodeIgniter.php(509): CodeIgniter\CodeIgniter->runController(Object(App\Controllers\Admin))
 8 SYSTEMPATH\CodeIgniter.php(355): CodeIgniter\CodeIgniter->handleRequest(null, Object(Config\Cache), false)
 9 SYSTEMPATH\Boot.php(325): CodeIgniter\CodeIgniter->run()
10 SYSTEMPATH\Boot.php(67): CodeIgniter\Boot::runCodeIgniter(Object(CodeIgniter\CodeIgniter))
11 FCPATH\index.php(56): CodeIgniter\Boot::bootWeb(Object(Config\Paths))
12 SYSTEMPATH\rewrite.php(44): require_once('C:\\Users\\WINDOWS 11\\Documents\\1-Proyek\\innovillage\\public\\index.php')
INFO - 2025-01-13 18:30:03 --> Session: Class initialized using 'CodeIgniter\Session\Handlers\FileHandler' driver.
CRITICAL - 2025-01-13 18:30:03 --> ErrorException: Trying to access array offset on value of type null
[Method: GET, Route: tambah-peserta]
in APPPATH\Views\admin\peserta-tambah.php on line 7.
 1 APPPATH\Views\admin\peserta-tambah.php(7): CodeIgniter\Debug\Exceptions->errorHandler(2, 'Trying to access array offset on value of type null', 'C:\\Users\\WINDOWS 11\\Documents\\1-Proyek\\innovillage\\app\\Views\\admin\\peserta-tambah.php', 7)
 2 SYSTEMPATH\View\View.php(234): include('C:\\Users\\WINDOWS 11\\Documents\\1-Proyek\\innovillage\\app\\Views\\admin\\peserta-tambah.php')
 3 SYSTEMPATH\View\View.php(237): CodeIgniter\View\View->CodeIgniter\View\{closure}()
 4 SYSTEMPATH\Common.php(1171): CodeIgniter\View\View->render('admin/peserta-tambah', [], true)
 5 APPPATH\Controllers\Admin.php(71): view('admin/peserta-tambah')
 6 SYSTEMPATH\CodeIgniter.php(933): App\Controllers\Admin->tambah_peserta()
 7 SYSTEMPATH\CodeIgniter.php(509): CodeIgniter\CodeIgniter->runController(Object(App\Controllers\Admin))
 8 SYSTEMPATH\CodeIgniter.php(355): CodeIgniter\CodeIgniter->handleRequest(null, Object(Config\Cache), false)
 9 SYSTEMPATH\Boot.php(325): CodeIgniter\CodeIgniter->run()
10 SYSTEMPATH\Boot.php(67): CodeIgniter\Boot::runCodeIgniter(Object(CodeIgniter\CodeIgniter))
11 FCPATH\index.php(56): CodeIgniter\Boot::bootWeb(Object(Config\Paths))
12 SYSTEMPATH\rewrite.php(44): require_once('C:\\Users\\WINDOWS 11\\Documents\\1-Proyek\\innovillage\\public\\index.php')
INFO - 2025-01-13 18:30:03 --> Session: Class initialized using 'CodeIgniter\Session\Handlers\FileHandler' driver.
CRITICAL - 2025-01-13 18:30:03 --> ErrorException: Trying to access array offset on value of type null
[Method: GET, Route: tambah-peserta]
in APPPATH\Views\admin\peserta-tambah.php on line 7.
 1 APPPATH\Views\admin\peserta-tambah.php(7): CodeIgniter\Debug\Exceptions->errorHandler(2, 'Trying to access array offset on value of type null', 'C:\\Users\\WINDOWS 11\\Documents\\1-Proyek\\innovillage\\app\\Views\\admin\\peserta-tambah.php', 7)
 2 SYSTEMPATH\View\View.php(234): include('C:\\Users\\WINDOWS 11\\Documents\\1-Proyek\\innovillage\\app\\Views\\admin\\peserta-tambah.php')
 3 SYSTEMPATH\View\View.php(237): CodeIgniter\View\View->CodeIgniter\View\{closure}()
 4 SYSTEMPATH\Common.php(1171): CodeIgniter\View\View->render('admin/peserta-tambah', [], true)
 5 APPPATH\Controllers\Admin.php(71): view('admin/peserta-tambah')
 6 SYSTEMPATH\CodeIgniter.php(933): App\Controllers\Admin->tambah_peserta()
 7 SYSTEMPATH\CodeIgniter.php(509): CodeIgniter\CodeIgniter->runController(Object(App\Controllers\Admin))
 8 SYSTEMPATH\CodeIgniter.php(355): CodeIgniter\CodeIgniter->handleRequest(null, Object(Config\Cache), false)
 9 SYSTEMPATH\Boot.php(325): CodeIgniter\CodeIgniter->run()
10 SYSTEMPATH\Boot.php(67): CodeIgniter\Boot::runCodeIgniter(Object(CodeIgniter\CodeIgniter))
11 FCPATH\index.php(56): CodeIgniter\Boot::bootWeb(Object(Config\Paths))
12 SYSTEMPATH\rewrite.php(44): require_once('C:\\Users\\WINDOWS 11\\Documents\\1-Proyek\\innovillage\\public\\index.php')
INFO - 2025-01-13 18:30:07 --> Session: Class initialized using 'CodeIgniter\Session\Handlers\FileHandler' driver.
CRITICAL - 2025-01-13 18:30:07 --> ErrorException: Trying to access array offset on value of type null
[Method: GET, Route: tambah-peserta]
in APPPATH\Views\admin\peserta-tambah.php on line 7.
 1 APPPATH\Views\admin\peserta-tambah.php(7): CodeIgniter\Debug\Exceptions->errorHandler(2, 'Trying to access array offset on value of type null', 'C:\\Users\\WINDOWS 11\\Documents\\1-Proyek\\innovillage\\app\\Views\\admin\\peserta-tambah.php', 7)
 2 SYSTEMPATH\View\View.php(234): include('C:\\Users\\WINDOWS 11\\Documents\\1-Proyek\\innovillage\\app\\Views\\admin\\peserta-tambah.php')
 3 SYSTEMPATH\View\View.php(237): CodeIgniter\View\View->CodeIgniter\View\{closure}()
 4 SYSTEMPATH\Common.php(1171): CodeIgniter\View\View->render('admin/peserta-tambah', [], true)
 5 APPPATH\Controllers\Admin.php(71): view('admin/peserta-tambah')
 6 SYSTEMPATH\CodeIgniter.php(933): App\Controllers\Admin->tambah_peserta()
 7 SYSTEMPATH\CodeIgniter.php(509): CodeIgniter\CodeIgniter->runController(Object(App\Controllers\Admin))
 8 SYSTEMPATH\CodeIgniter.php(355): CodeIgniter\CodeIgniter->handleRequest(null, Object(Config\Cache), false)
 9 SYSTEMPATH\Boot.php(325): CodeIgniter\CodeIgniter->run()
10 SYSTEMPATH\Boot.php(67): CodeIgniter\Boot::runCodeIgniter(Object(CodeIgniter\CodeIgniter))
11 FCPATH\index.php(56): CodeIgniter\Boot::bootWeb(Object(Config\Paths))
12 SYSTEMPATH\rewrite.php(44): require_once('C:\\Users\\WINDOWS 11\\Documents\\1-Proyek\\innovillage\\public\\index.php')
INFO - 2025-01-13 18:30:07 --> Session: Class initialized using 'CodeIgniter\Session\Handlers\FileHandler' driver.
CRITICAL - 2025-01-13 18:30:07 --> ErrorException: Trying to access array offset on value of type null
[Method: GET, Route: tambah-peserta]
in APPPATH\Views\admin\peserta-tambah.php on line 7.
 1 APPPATH\Views\admin\peserta-tambah.php(7): CodeIgniter\Debug\Exceptions->errorHandler(2, 'Trying to access array offset on value of type null', 'C:\\Users\\WINDOWS 11\\Documents\\1-Proyek\\innovillage\\app\\Views\\admin\\peserta-tambah.php', 7)
 2 SYSTEMPATH\View\View.php(234): include('C:\\Users\\WINDOWS 11\\Documents\\1-Proyek\\innovillage\\app\\Views\\admin\\peserta-tambah.php')
 3 SYSTEMPATH\View\View.php(237): CodeIgniter\View\View->CodeIgniter\View\{closure}()
 4 SYSTEMPATH\Common.php(1171): CodeIgniter\View\View->render('admin/peserta-tambah', [], true)
 5 APPPATH\Controllers\Admin.php(71): view('admin/peserta-tambah')
 6 SYSTEMPATH\CodeIgniter.php(933): App\Controllers\Admin->tambah_peserta()
 7 SYSTEMPATH\CodeIgniter.php(509): CodeIgniter\CodeIgniter->runController(Object(App\Controllers\Admin))
 8 SYSTEMPATH\CodeIgniter.php(355): CodeIgniter\CodeIgniter->handleRequest(null, Object(Config\Cache), false)
 9 SYSTEMPATH\Boot.php(325): CodeIgniter\CodeIgniter->run()
10 SYSTEMPATH\Boot.php(67): CodeIgniter\Boot::runCodeIgniter(Object(CodeIgniter\CodeIgniter))
11 FCPATH\index.php(56): CodeIgniter\Boot::bootWeb(Object(Config\Paths))
12 SYSTEMPATH\rewrite.php(44): require_once('C:\\Users\\WINDOWS 11\\Documents\\1-Proyek\\innovillage\\public\\index.php')
INFO - 2025-01-13 18:30:13 --> Session: Class initialized using 'CodeIgniter\Session\Handlers\FileHandler' driver.
CRITICAL - 2025-01-13 18:30:13 --> ErrorException: Trying to access array offset on value of type null
[Method: GET, Route: tambah-peserta]
in APPPATH\Views\admin\peserta-tambah.php on line 7.
 1 APPPATH\Views\admin\peserta-tambah.php(7): CodeIgniter\Debug\Exceptions->errorHandler(2, 'Trying to access array offset on value of type null', 'C:\\Users\\WINDOWS 11\\Documents\\1-Proyek\\innovillage\\app\\Views\\admin\\peserta-tambah.php', 7)
 2 SYSTEMPATH\View\View.php(234): include('C:\\Users\\WINDOWS 11\\Documents\\1-Proyek\\innovillage\\app\\Views\\admin\\peserta-tambah.php')
 3 SYSTEMPATH\View\View.php(237): CodeIgniter\View\View->CodeIgniter\View\{closure}()
 4 SYSTEMPATH\Common.php(1171): CodeIgniter\View\View->render('admin/peserta-tambah', [], true)
 5 APPPATH\Controllers\Admin.php(71): view('admin/peserta-tambah')
 6 SYSTEMPATH\CodeIgniter.php(933): App\Controllers\Admin->tambah_peserta()
 7 SYSTEMPATH\CodeIgniter.php(509): CodeIgniter\CodeIgniter->runController(Object(App\Controllers\Admin))
 8 SYSTEMPATH\CodeIgniter.php(355): CodeIgniter\CodeIgniter->handleRequest(null, Object(Config\Cache), false)
 9 SYSTEMPATH\Boot.php(325): CodeIgniter\CodeIgniter->run()
10 SYSTEMPATH\Boot.php(67): CodeIgniter\Boot::runCodeIgniter(Object(CodeIgniter\CodeIgniter))
11 FCPATH\index.php(56): CodeIgniter\Boot::bootWeb(Object(Config\Paths))
12 SYSTEMPATH\rewrite.php(44): require_once('C:\\Users\\WINDOWS 11\\Documents\\1-Proyek\\innovillage\\public\\index.php')
INFO - 2025-01-13 18:30:59 --> Session: Class initialized using 'CodeIgniter\Session\Handlers\FileHandler' driver.
CRITICAL - 2025-01-13 18:30:59 --> ErrorException: Trying to access array offset on value of type null
[Method: GET, Route: tambah-peserta]
in APPPATH\Views\admin\peserta-tambah.php on line 7.
 1 APPPATH\Views\admin\peserta-tambah.php(7): CodeIgniter\Debug\Exceptions->errorHandler(2, 'Trying to access array offset on value of type null', 'C:\\Users\\WINDOWS 11\\Documents\\1-Proyek\\innovillage\\app\\Views\\admin\\peserta-tambah.php', 7)
 2 SYSTEMPATH\View\View.php(234): include('C:\\Users\\WINDOWS 11\\Documents\\1-Proyek\\innovillage\\app\\Views\\admin\\peserta-tambah.php')
 3 SYSTEMPATH\View\View.php(237): CodeIgniter\View\View->CodeIgniter\View\{closure}()
 4 SYSTEMPATH\Common.php(1171): CodeIgniter\View\View->render('admin/peserta-tambah', [], true)
 5 APPPATH\Controllers\Admin.php(71): view('admin/peserta-tambah')
 6 SYSTEMPATH\CodeIgniter.php(933): App\Controllers\Admin->tambah_peserta()
 7 SYSTEMPATH\CodeIgniter.php(509): CodeIgniter\CodeIgniter->runController(Object(App\Controllers\Admin))
 8 SYSTEMPATH\CodeIgniter.php(355): CodeIgniter\CodeIgniter->handleRequest(null, Object(Config\Cache), false)
 9 SYSTEMPATH\Boot.php(325): CodeIgniter\CodeIgniter->run()
10 SYSTEMPATH\Boot.php(67): CodeIgniter\Boot::runCodeIgniter(Object(CodeIgniter\CodeIgniter))
11 FCPATH\index.php(56): CodeIgniter\Boot::bootWeb(Object(Config\Paths))
12 SYSTEMPATH\rewrite.php(44): require_once('C:\\Users\\WINDOWS 11\\Documents\\1-Proyek\\innovillage\\public\\index.php')
INFO - 2025-01-13 18:31:46 --> Session: Class initialized using 'CodeIgniter\Session\Handlers\FileHandler' driver.
INFO - 2025-01-13 18:31:48 --> Session: Class initialized using 'CodeIgniter\Session\Handlers\FileHandler' driver.
INFO - 2025-01-13 18:31:48 --> Session: Class initialized using 'CodeIgniter\Session\Handlers\FileHandler' driver.
INFO - 2025-01-13 18:32:00 --> Session: Class initialized using 'CodeIgniter\Session\Handlers\FileHandler' driver.
INFO - 2025-01-13 18:32:03 --> Session: Class initialized using 'CodeIgniter\Session\Handlers\FileHandler' driver.
INFO - 2025-01-13 18:32:03 --> Session: Class initialized using 'CodeIgniter\Session\Handlers\FileHandler' driver.
INFO - 2025-01-13 18:32:19 --> Session: Class initialized using 'CodeIgniter\Session\Handlers\FileHandler' driver.
INFO - 2025-01-13 18:32:19 --> Session: Class initialized using 'CodeIgniter\Session\Handlers\FileHandler' driver.
INFO - 2025-01-13 18:32:23 --> Session: Class initialized using 'CodeIgniter\Session\Handlers\FileHandler' driver.
INFO - 2025-01-13 18:32:23 --> Session: Class initialized using 'CodeIgniter\Session\Handlers\FileHandler' driver.
ERROR - 2025-01-13 18:32:28 --> mysqli_sql_exception: Duplicate entry '0' for key 'peserta.PRIMARY' in C:\Users\WINDOWS 11\Documents\1-Proyek\innovillage\system\Database\MySQLi\Connection.php:312
Stack trace:
#0 C:\Users\WINDOWS 11\Documents\1-Proyek\innovillage\system\Database\MySQLi\Connection.php(312): mysqli->query('INSERT INTO `pe...', 0)
#1 C:\Users\WINDOWS 11\Documents\1-Proyek\innovillage\system\Database\BaseConnection.php(734): CodeIgniter\Database\MySQLi\Connection->execute('INSERT INTO `pe...')
#2 C:\Users\WINDOWS 11\Documents\1-Proyek\innovillage\system\Database\BaseConnection.php(648): CodeIgniter\Database\BaseConnection->simpleQuery('INSERT INTO `pe...')
#3 C:\Users\WINDOWS 11\Documents\1-Proyek\innovillage\system\Database\BaseBuilder.php(2340): CodeIgniter\Database\BaseConnection->query('INSERT INTO `pe...', Array, false)
#4 C:\Users\WINDOWS 11\Documents\1-Proyek\innovillage\system\Model.php(394): CodeIgniter\Database\BaseBuilder->insert()
#5 C:\Users\WINDOWS 11\Documents\1-Proyek\innovillage\system\BaseModel.php(840): CodeIgniter\Model->doInsert(Array)
#6 C:\Users\WINDOWS 11\Documents\1-Proyek\innovillage\system\Model.php(802): CodeIgniter\BaseModel->insert(Array, false)
#7 C:\Users\WINDOWS 11\Documents\1-Proyek\innovillage\system\BaseModel.php(751): CodeIgniter\Model->insert(Array, false)
#8 C:\Users\WINDOWS 11\Documents\1-Proyek\innovillage\app\Controllers\Admin.php(121): CodeIgniter\BaseModel->save(Array)
#9 C:\Users\WINDOWS 11\Documents\1-Proyek\innovillage\system\CodeIgniter.php(933): App\Controllers\Admin->peserta_a()
#10 C:\Users\WINDOWS 11\Documents\1-Proyek\innovillage\system\CodeIgniter.php(509): CodeIgniter\CodeIgniter->runController(Object(App\Controllers\Admin))
#11 C:\Users\WINDOWS 11\Documents\1-Proyek\innovillage\system\CodeIgniter.php(355): CodeIgniter\CodeIgniter->handleRequest(NULL, Object(Config\Cache), false)
#12 C:\Users\WINDOWS 11\Documents\1-Proyek\innovillage\system\Boot.php(325): CodeIgniter\CodeIgniter->run()
#13 C:\Users\WINDOWS 11\Documents\1-Proyek\innovillage\system\Boot.php(67): CodeIgniter\Boot::runCodeIgniter(Object(CodeIgniter\CodeIgniter))
#14 C:\Users\WINDOWS 11\Documents\1-Proyek\innovillage\public\index.php(56): CodeIgniter\Boot::bootWeb(Object(Config\Paths))
#15 C:\Users\WINDOWS 11\Documents\1-Proyek\innovillage\system\rewrite.php(44): require_once('C:\\Users\\WINDOW...')
#16 {main}
CRITICAL - 2025-01-13 18:32:28 --> CodeIgniter\Database\Exceptions\DatabaseException: Duplicate entry '0' for key 'peserta.PRIMARY'
[Method: POST, Route: peserta-a]
in SYSTEMPATH\Database\BaseConnection.php on line 688.
 1 SYSTEMPATH\Database\BaseBuilder.php(2340): CodeIgniter\Database\BaseConnection->query('INSERT INTO `peserta` (`peserta_nama`, `peserta_kontak`, `peserta_kartu`) VALUES (:peserta_nama:, :peserta_kontak:, :peserta_kartu:)', [...], false)
 2 SYSTEMPATH\Model.php(394): CodeIgniter\Database\BaseBuilder->insert()
 3 SYSTEMPATH\BaseModel.php(840): CodeIgniter\Model->doInsert([...])
 4 SYSTEMPATH\Model.php(802): CodeIgniter\BaseModel->insert([...], false)
 5 SYSTEMPATH\BaseModel.php(751): CodeIgniter\Model->insert([...], false)
 6 APPPATH\Controllers\Admin.php(121): CodeIgniter\BaseModel->save([...])
 7 SYSTEMPATH\CodeIgniter.php(933): App\Controllers\Admin->peserta_a()
 8 SYSTEMPATH\CodeIgniter.php(509): CodeIgniter\CodeIgniter->runController(Object(App\Controllers\Admin))
 9 SYSTEMPATH\CodeIgniter.php(355): CodeIgniter\CodeIgniter->handleRequest(null, Object(Config\Cache), false)
10 SYSTEMPATH\Boot.php(325): CodeIgniter\CodeIgniter->run()
11 SYSTEMPATH\Boot.php(67): CodeIgniter\Boot::runCodeIgniter(Object(CodeIgniter\CodeIgniter))
12 FCPATH\index.php(56): CodeIgniter\Boot::bootWeb(Object(Config\Paths))
13 SYSTEMPATH\rewrite.php(44): require_once('C:\\Users\\WINDOWS 11\\Documents\\1-Proyek\\innovillage\\public\\index.php')
CRITICAL - 2025-01-13 18:32:28 --> [Caused by] CodeIgniter\Database\Exceptions\DatabaseException: Duplicate entry '0' for key 'peserta.PRIMARY'
in SYSTEMPATH\Database\MySQLi\Connection.php on line 317.
 1 SYSTEMPATH\Database\BaseConnection.php(734): CodeIgniter\Database\MySQLi\Connection->execute('INSERT INTO `peserta` (`peserta_nama`, `peserta_kontak`, `peserta_kartu`) VALUES (\'Achmed Hibatillah\', \'01232315414\', \'124643\')')
 2 SYSTEMPATH\Database\BaseConnection.php(648): CodeIgniter\Database\BaseConnection->simpleQuery('INSERT INTO `peserta` (`peserta_nama`, `peserta_kontak`, `peserta_kartu`) VALUES (\'Achmed Hibatillah\', \'01232315414\', \'124643\')')
 3 SYSTEMPATH\Database\BaseBuilder.php(2340): CodeIgniter\Database\BaseConnection->query('INSERT INTO `peserta` (`peserta_nama`, `peserta_kontak`, `peserta_kartu`) VALUES (:peserta_nama:, :peserta_kontak:, :peserta_kartu:)', [...], false)
 4 SYSTEMPATH\Model.php(394): CodeIgniter\Database\BaseBuilder->insert()
 5 SYSTEMPATH\BaseModel.php(840): CodeIgniter\Model->doInsert([...])
 6 SYSTEMPATH\Model.php(802): CodeIgniter\BaseModel->insert([...], false)
 7 SYSTEMPATH\BaseModel.php(751): CodeIgniter\Model->insert([...], false)
 8 APPPATH\Controllers\Admin.php(121): CodeIgniter\BaseModel->save([...])
 9 SYSTEMPATH\CodeIgniter.php(933): App\Controllers\Admin->peserta_a()
10 SYSTEMPATH\CodeIgniter.php(509): CodeIgniter\CodeIgniter->runController(Object(App\Controllers\Admin))
11 SYSTEMPATH\CodeIgniter.php(355): CodeIgniter\CodeIgniter->handleRequest(null, Object(Config\Cache), false)
12 SYSTEMPATH\Boot.php(325): CodeIgniter\CodeIgniter->run()
13 SYSTEMPATH\Boot.php(67): CodeIgniter\Boot::runCodeIgniter(Object(CodeIgniter\CodeIgniter))
14 FCPATH\index.php(56): CodeIgniter\Boot::bootWeb(Object(Config\Paths))
15 SYSTEMPATH\rewrite.php(44): require_once('C:\\Users\\WINDOWS 11\\Documents\\1-Proyek\\innovillage\\public\\index.php')
CRITICAL - 2025-01-13 18:32:28 --> [Caused by] mysqli_sql_exception: Duplicate entry '0' for key 'peserta.PRIMARY'
in SYSTEMPATH\Database\MySQLi\Connection.php on line 312.
 1 SYSTEMPATH\Database\MySQLi\Connection.php(312): mysqli->query('INSERT INTO `peserta` (`peserta_nama`, `peserta_kontak`, `peserta_kartu`) VALUES (\'Achmed Hibatillah\', \'01232315414\', \'124643\')', 0)
 2 SYSTEMPATH\Database\BaseConnection.php(734): CodeIgniter\Database\MySQLi\Connection->execute('INSERT INTO `peserta` (`peserta_nama`, `peserta_kontak`, `peserta_kartu`) VALUES (\'Achmed Hibatillah\', \'01232315414\', \'124643\')')
 3 SYSTEMPATH\Database\BaseConnection.php(648): CodeIgniter\Database\BaseConnection->simpleQuery('INSERT INTO `peserta` (`peserta_nama`, `peserta_kontak`, `peserta_kartu`) VALUES (\'Achmed Hibatillah\', \'01232315414\', \'124643\')')
 4 SYSTEMPATH\Database\BaseBuilder.php(2340): CodeIgniter\Database\BaseConnection->query('INSERT INTO `peserta` (`peserta_nama`, `peserta_kontak`, `peserta_kartu`) VALUES (:peserta_nama:, :peserta_kontak:, :peserta_kartu:)', [...], false)
 5 SYSTEMPATH\Model.php(394): CodeIgniter\Database\BaseBuilder->insert()
 6 SYSTEMPATH\BaseModel.php(840): CodeIgniter\Model->doInsert([...])
 7 SYSTEMPATH\Model.php(802): CodeIgniter\BaseModel->insert([...], false)
 8 SYSTEMPATH\BaseModel.php(751): CodeIgniter\Model->insert([...], false)
 9 APPPATH\Controllers\Admin.php(121): CodeIgniter\BaseModel->save([...])
10 SYSTEMPATH\CodeIgniter.php(933): App\Controllers\Admin->peserta_a()
11 SYSTEMPATH\CodeIgniter.php(509): CodeIgniter\CodeIgniter->runController(Object(App\Controllers\Admin))
12 SYSTEMPATH\CodeIgniter.php(355): CodeIgniter\CodeIgniter->handleRequest(null, Object(Config\Cache), false)
13 SYSTEMPATH\Boot.php(325): CodeIgniter\CodeIgniter->run()
14 SYSTEMPATH\Boot.php(67): CodeIgniter\Boot::runCodeIgniter(Object(CodeIgniter\CodeIgniter))
15 FCPATH\index.php(56): CodeIgniter\Boot::bootWeb(Object(Config\Paths))
16 SYSTEMPATH\rewrite.php(44): require_once('C:\\Users\\WINDOWS 11\\Documents\\1-Proyek\\innovillage\\public\\index.php')
INFO - 2025-01-13 18:33:46 --> Session: Class initialized using 'CodeIgniter\Session\Handlers\FileHandler' driver.
INFO - 2025-01-13 18:33:46 --> Session: Class initialized using 'CodeIgniter\Session\Handlers\FileHandler' driver.
INFO - 2025-01-13 18:34:01 --> Session: Class initialized using 'CodeIgniter\Session\Handlers\FileHandler' driver.
INFO - 2025-01-13 18:34:01 --> Session: Class initialized using 'CodeIgniter\Session\Handlers\FileHandler' driver.
INFO - 2025-01-13 18:34:13 --> Session: Class initialized using 'CodeIgniter\Session\Handlers\FileHandler' driver.
INFO - 2025-01-13 18:34:13 --> Session: Class initialized using 'CodeIgniter\Session\Handlers\FileHandler' driver.
INFO - 2025-01-13 18:36:59 --> Session: Class initialized using 'CodeIgniter\Session\Handlers\FileHandler' driver.
INFO - 2025-01-13 18:36:59 --> Session: Class initialized using 'CodeIgniter\Session\Handlers\FileHandler' driver.
INFO - 2025-01-13 18:39:17 --> Session: Class initialized using 'CodeIgniter\Session\Handlers\FileHandler' driver.
INFO - 2025-01-13 18:39:17 --> Session: Class initialized using 'CodeIgniter\Session\Handlers\FileHandler' driver.
INFO - 2025-01-13 18:39:20 --> Session: Class initialized using 'CodeIgniter\Session\Handlers\FileHandler' driver.
INFO - 2025-01-13 18:39:20 --> Session: Class initialized using 'CodeIgniter\Session\Handlers\FileHandler' driver.
INFO - 2025-01-13 18:39:32 --> Session: Class initialized using 'CodeIgniter\Session\Handlers\FileHandler' driver.
INFO - 2025-01-13 18:39:32 --> Session: Class initialized using 'CodeIgniter\Session\Handlers\FileHandler' driver.
INFO - 2025-01-13 18:41:24 --> Session: Class initialized using 'CodeIgniter\Session\Handlers\FileHandler' driver.
INFO - 2025-01-13 18:41:24 --> Session: Class initialized using 'CodeIgniter\Session\Handlers\FileHandler' driver.
INFO - 2025-01-13 18:41:32 --> Session: Class initialized using 'CodeIgniter\Session\Handlers\FileHandler' driver.
INFO - 2025-01-13 18:41:32 --> Session: Class initialized using 'CodeIgniter\Session\Handlers\FileHandler' driver.
INFO - 2025-01-13 18:45:55 --> Session: Class initialized using 'CodeIgniter\Session\Handlers\FileHandler' driver.
INFO - 2025-01-13 18:45:55 --> Session: Class initialized using 'CodeIgniter\Session\Handlers\FileHandler' driver.
INFO - 2025-01-13 18:47:06 --> Session: Class initialized using 'CodeIgniter\Session\Handlers\FileHandler' driver.
INFO - 2025-01-13 18:47:06 --> Session: Class initialized using 'CodeIgniter\Session\Handlers\FileHandler' driver.
INFO - 2025-01-13 18:49:44 --> Session: Class initialized using 'CodeIgniter\Session\Handlers\FileHandler' driver.
INFO - 2025-01-13 18:49:45 --> Session: Class initialized using 'CodeIgniter\Session\Handlers\FileHandler' driver.
INFO - 2025-01-13 18:49:45 --> Session: Class initialized using 'CodeIgniter\Session\Handlers\FileHandler' driver.
INFO - 2025-01-13 18:49:45 --> Session: Class initialized using 'CodeIgniter\Session\Handlers\FileHandler' driver.
INFO - 2025-01-13 18:49:46 --> Session: Class initialized using 'CodeIgniter\Session\Handlers\FileHandler' driver.
INFO - 2025-01-13 18:49:49 --> Session: Class initialized using 'CodeIgniter\Session\Handlers\FileHandler' driver.
INFO - 2025-01-13 18:50:11 --> Session: Class initialized using 'CodeIgniter\Session\Handlers\FileHandler' driver.
INFO - 2025-01-13 18:50:11 --> Session: Class initialized using 'CodeIgniter\Session\Handlers\FileHandler' driver.
